app/build/outputs/logs/manifest-merger-debug-report.txt
-- Merging decision tree log ---
manifest
ADDED from src\main\AndroidManifest.xml:2:1-78:12
	xmlns:android
		ADDED from src\main\AndroidManifest.xml:2:11-69
	package
		ADDED from src\main\AndroidManifest.xml:3:5-37
		INJECTED from src\main\AndroidManifest.xml
		INJECTED from src\main\AndroidManifest.xml
	android:versionName
		ADDED from src\main\AndroidManifest.xml:5:5-30
		INJECTED from src\main\AndroidManifest.xml
		INJECTED from src\main\AndroidManifest.xml
	android:versionCode
		ADDED from src\main\AndroidManifest.xml:4:5-28
		INJECTED from src\main\AndroidManifest.xml
		INJECTED from src\main\AndroidManifest.xml
uses-sdk
ADDED from src\main\AndroidManifest.xml:7:5-9:41
MERGED from [com.google.android.gms:play-services-appindexing:8.1.0] AndroidManifest.xml:18:5-42
MERGED from [com.google.android.gms:play-services-basement:8.1.0] AndroidManifest.xml:18:5-42
MERGED from [com.android.support:support-v4:22.2.0] AndroidManifest.xml:20:5-43
	android:targetSdkVersion
		ADDED from src\main\AndroidManifest.xml:9:9-38
		INJECTED from src\main\AndroidManifest.xml
		INJECTED from src\main\AndroidManifest.xml
	android:minSdkVersion
		ADDED from src\main\AndroidManifest.xml:8:9-35
		INJECTED from src\main\AndroidManifest.xml
		INJECTED from src\main\AndroidManifest.xml
uses-permission#android.permission.INTERNET
ADDED from src\main\AndroidManifest.xml:11:5-67
	android:name
		ADDED from src\main\AndroidManifest.xml:11:22-64
uses-permission#android.permission.WRITE_EXTERNAL_STORAGE
ADDED from src\main\AndroidManifest.xml:12:5-81
	android:name
		ADDED from src\main\AndroidManifest.xml:12:22-78
uses-permission#android.permission.READ_PHONE_STATE
ADDED from src\main\AndroidManifest.xml:13:5-75
	android:name
		ADDED from src\main\AndroidManifest.xml:13:22-72
uses-permission#android.permission.RECEIVE_BOOT_COMPLETED
ADDED from src\main\AndroidManifest.xml:14:5-81
	android:name
		ADDED from src\main\AndroidManifest.xml:14:22-78
uses-permission#android.permission.READ_CONTACTS
ADDED from src\main\AndroidManifest.xml:15:5-72
	android:name
		ADDED from src\main\AndroidManifest.xml:15:22-69
uses-permission#android.permission.SEND_SMS
ADDED from src\main\AndroidManifest.xml:16:5-67
	android:name
		ADDED from src\main\AndroidManifest.xml:16:22-64
uses-permission#android.permission.RECEIVE_SMS
ADDED from src\main\AndroidManifest.xml:17:5-70
	android:name
		ADDED from src\main\AndroidManifest.xml:17:22-67
uses-permission#android.permission.ACCESS_MOCK_LOCATION
ADDED from src\main\AndroidManifest.xml:18:5-79
	android:name
		ADDED from src\main\AndroidManifest.xml:18:22-76
uses-permission#android.permission.ACCESS_COARSE_LOCATION
ADDED from src\main\AndroidManifest.xml:19:5-81
	android:name
		ADDED from src\main\AndroidManifest.xml:19:22-78
uses-permission#android.permission.ACCESS_FINE_LOCATION
ADDED from src\main\AndroidManifest.xml:20:5-79
	android:name
		ADDED from src\main\AndroidManifest.xml:20:22-76
uses-permission#android.permission.PROCESS_OUTGOING_CALLS
ADDED from src\main\AndroidManifest.xml:21:5-81
	android:name
		ADDED from src\main\AndroidManifest.xml:21:22-78
uses-permission#android.permission.SYSTEM_ALERT_WINDOW
ADDED from src\main\AndroidManifest.xml:22:5-78
	android:name
		ADDED from src\main\AndroidManifest.xml:22:22-75
android:uses-permission#android.permission.READ_EXTERNAL_STORAGE
ADDED from src\main\AndroidManifest.xml:24:5-88
	android:name
		ADDED from src\main\AndroidManifest.xml:24:30-85
application
ADDED from src\main\AndroidManifest.xml:26:5-76:19
MERGED from [com.google.android.gms:play-services-appindexing:8.1.0] AndroidManifest.xml:19:5-20
MERGED from [com.google.android.gms:play-services-basement:8.1.0] AndroidManifest.xml:20:5-24:19
MERGED from [com.android.support:support-v4:22.2.0] AndroidManifest.xml:22:5-20
	android:label
		ADDED from src\main\AndroidManifest.xml:29:9-41
	android:allowBackup
		ADDED from src\main\AndroidManifest.xml:27:9-35
	android:icon
		ADDED from src\main\AndroidManifest.xml:28:9-52
	android:theme
		ADDED from src\main\AndroidManifest.xml:30:9-40
activity#com.itheima.mobilesafe.activity.SplashActivity
ADDED from src\main\AndroidManifest.xml:31:9-39:20
	android:label
		ADDED from src\main\AndroidManifest.xml:33:13-45
	android:name
		ADDED from src\main\AndroidManifest.xml:32:13-74
intent-filter#android.intent.action.MAIN+android.intent.category.LAUNCHER
ADDED from src\main\AndroidManifest.xml:34:13-38:29
action#android.intent.action.MAIN
ADDED from src\main\AndroidManifest.xml:35:17-69
	android:name
		ADDED from src\main\AndroidManifest.xml:35:25-66
category#android.intent.category.LAUNCHER
ADDED from src\main\AndroidManifest.xml:37:17-77
	android:name
		ADDED from src\main\AndroidManifest.xml:37:27-74
activity#com.itheima.mobilesafe.activity.HomeActivity
ADDED from src\main\AndroidManifest.xml:40:9-81
	android:name
		ADDED from src\main\AndroidManifest.xml:40:19-78
activity#com.itheima.mobilesafe.activity.SettingActivity
ADDED from src\main\AndroidManifest.xml:41:9-84
	android:name
		ADDED from src\main\AndroidManifest.xml:41:19-81
activity#com.itheima.mobilesafe.activity.LostFindActivity
ADDED from src\main\AndroidManifest.xml:42:9-85
	android:name
		ADDED from src\main\AndroidManifest.xml:42:19-82
activity#com.itheima.mobilesafe.activity.Setup01Activity
ADDED from src\main\AndroidManifest.xml:43:9-84
	android:name
		ADDED from src\main\AndroidManifest.xml:43:19-81
activity#com.itheima.mobilesafe.activity.Setup02Activity
ADDED from src\main\AndroidManifest.xml:44:9-84
	android:name
		ADDED from src\main\AndroidManifest.xml:44:19-81
activity#com.itheima.mobilesafe.activity.Setup03Activity
ADDED from src\main\AndroidManifest.xml:45:9-84
	android:name
		ADDED from src\main\AndroidManifest.xml:45:19-81
activity#com.itheima.mobilesafe.activity.Setup04Activity
ADDED from src\main\AndroidManifest.xml:46:9-84
	android:name
		ADDED from src\main\AndroidManifest.xml:46:19-81
activity#com.itheima.mobilesafe.activity.ContactActivity
ADDED from src\main\AndroidManifest.xml:47:9-84
	android:name
		ADDED from src\main\AndroidManifest.xml:47:19-81
activity#com.itheima.mobilesafe.activity.AToolsActivity
ADDED from src\main\AndroidManifest.xml:48:9-83
	android:name
		ADDED from src\main\AndroidManifest.xml:48:19-80
activity#com.itheima.mobilesafe.activity.AddressActivity
ADDED from src\main\AndroidManifest.xml:49:9-84
	android:name
		ADDED from src\main\AndroidManifest.xml:49:19-81
activity#com.itheima.mobilesafe.activity.DragViewActivity
ADDED from src\main\AndroidManifest.xml:50:9-52:75
	android:theme
		ADDED from src\main\AndroidManifest.xml:52:13-72
	android:name
		ADDED from src\main\AndroidManifest.xml:51:13-76
receiver#com.itheima.mobilesafe.receiver.BootCompleteReceiver
ADDED from src\main\AndroidManifest.xml:54:9-58:20
	android:name
		ADDED from src\main\AndroidManifest.xml:54:19-86
intent-filter#android.intent.action.BOOT_COMPLETED
ADDED from src\main\AndroidManifest.xml:55:13-57:29
action#android.intent.action.BOOT_COMPLETED
ADDED from src\main\AndroidManifest.xml:56:17-79
	android:name
		ADDED from src\main\AndroidManifest.xml:56:25-76
receiver#com.itheima.mobilesafe.receiver.SmsReceiver
ADDED from src\main\AndroidManifest.xml:59:9-63:20
	android:name
		ADDED from src\main\AndroidManifest.xml:59:19-77
intent-filter#android.provider.Telephony.SMS_RECEIVED
ADDED from src\main\AndroidManifest.xml:60:13-62:29
	android:priority
		ADDED from src\main\AndroidManifest.xml:60:28-51
action#android.provider.Telephony.SMS_RECEIVED
ADDED from src\main\AndroidManifest.xml:61:17-82
	android:name
		ADDED from src\main\AndroidManifest.xml:61:25-79
service#com.itheima.mobilesafe.service.LocationService
ADDED from src\main\AndroidManifest.xml:65:9-82
	android:name
		ADDED from src\main\AndroidManifest.xml:65:18-79
service#com.itheima.mobilesafe.service.AddressService
ADDED from src\main\AndroidManifest.xml:66:9-81
	android:name
		ADDED from src\main\AndroidManifest.xml:66:18-78
meta-data#com.google.android.gms.version
ADDED from src\main\AndroidManifest.xml:71:9-73:69
MERGED from [com.google.android.gms:play-services-basement:8.1.0] AndroidManifest.xml:21:9-23:69
	android:name
		ADDED from src\main\AndroidManifest.xml:72:13-58
	android:value
		ADDED from src\main\AndroidManifest.xml:73:13-66
activity#com.itheima.mobilesafe.activity.CallSafeActivity
ADDED from src\main\AndroidManifest.xml:75:9-94
	android:name
		ADDED from src\main\AndroidManifest.xml:75:19-82